<?xml version="1.0" encoding="UTF-8"?>
<!-- Generated by org.testng.reporters.JUnitReportReporter -->
<testsuite hostname="LAPTOP-UL4VISUC" failures="0" tests="1" name="pictures.NewTest2" time="24.449" errors="0" timestamp="2024-07-23T16:35:06 IST" skipped="0">
  <testcase classname="pictures.NewTest2" name="f" time="24.449"/>
</testsuite> <!-- pictures.NewTest2 -->
