<?xml version="1.0" encoding="UTF-8"?>
<!-- Generated by org.testng.reporters.JUnitReportReporter -->
<testsuite hostname="LAPTOP-UL4VISUC" failures="0" tests="1" name="pictures.NewTest3" time="21.582" errors="0" timestamp="2024-07-23T17:07:34 IST" skipped="0">
  <testcase classname="pictures.NewTest3" name="AddNationalities" time="21.582"/>
</testsuite> <!-- pictures.NewTest3 -->
